<?xml version="1.0" encoding="UTF-8"?>
<Site BuildName="Linux-clang++-14"
	BuildStamp="20240414-1051-Experimental"
	Name="marius-ubuntu"
	Generator="ctest-3.22.1"
	CompilerName="/usr/bin/clang++-14"
	CompilerVersion="14.0.0"
	OSName="Linux"
	Hostname="marius-ubuntu"
	OSRelease="6.5.0-25-generic"
	OSVersion="#25~22.04.1-Ubuntu SMP PREEMPT_DYNAMIC Tue Feb 20 16:09:15 UTC 2"
	OSPlatform="x86_64"
	Is64Bits="1"
	VendorString="GenuineIntel"
	VendorID="Intel Corporation"
	FamilyID="6"
	ModelID="154"
	ProcessorCacheSize="18432"
	NumberOfLogicalCPU="16"
	NumberOfPhysicalCPU="12"
	TotalVirtualMemory="2047"
	TotalPhysicalMemory="15596"
	LogicalProcessorsPerPhysical="1"
	ProcessorClockFrequency="3752.15"
	>
	<Testing>
		<StartDateTime>Apr 14 13:11 CEST</StartDateTime>
		<StartTestTime>1713093087</StartTestTime>
		<TestList/>
		<EndDateTime>Apr 14 13:11 CEST</EndDateTime>
		<EndTestTime>1713093087</EndTestTime>
		<ElapsedMinutes>0</ElapsedMinutes>
	</Testing>
</Site>
